<?xml version="1.0" encoding="UTF-8"?>
<robot generator="Robot 5.0.1 (Python 3.8.3 on win32)" generated="20220815 21:12:53.448" rpa="false" schemaversion="3">
<suite id="s1" name="AmazonApp" source="C:\Users\CR7\Git_Shared\Robot Framework\User2\Robot-Framework\Amazon_Framework\tests\AmazonApp.robot">
<kw name="Begin Suite Setup" library="Common_Keywords" type="SETUP">
<kw name="Log" library="BuiltIn">
<arg>Suite Setup Begins-Runs at the beggining of Suite</arg>
<doc>Logs the given message with the given level.</doc>
<msg timestamp="20220815 21:12:53.739" level="INFO">Suite Setup Begins-Runs at the beggining of Suite</msg>
<status status="PASS" starttime="20220815 21:12:53.738" endtime="20220815 21:12:53.739"/>
</kw>
<kw name="Insert Testing Data" library="Common_Keywords">
<kw name="Log" library="BuiltIn">
<arg>This is Example of Keyword use inside Suite Setup</arg>
<doc>Logs the given message with the given level.</doc>
<msg timestamp="20220815 21:12:53.739" level="INFO">This is Example of Keyword use inside Suite Setup</msg>
<status status="PASS" starttime="20220815 21:12:53.739" endtime="20220815 21:12:53.739"/>
</kw>
<status status="PASS" starttime="20220815 21:12:53.739" endtime="20220815 21:12:53.740"/>
</kw>
<status status="PASS" starttime="20220815 21:12:53.738" endtime="20220815 21:12:53.740"/>
</kw>
<test id="s1-t1" name="TC01 - Testcase name1 - Shopping @ Amazon" line="20">
<kw name="Begin Web Testing" library="Common_Keywords" type="SETUP">
<kw name="Open Browser" library="SeleniumLibrary">
<arg>about:blank</arg>
<arg>${BROWSER}</arg>
<doc>Opens a new browser instance to the optional ``url``.</doc>
<msg timestamp="20220815 21:12:53.742" level="INFO">Opening browser 'Chrome' to base url 'about:blank'.</msg>
<status status="PASS" starttime="20220815 21:12:53.742" endtime="20220815 21:12:54.954"/>
</kw>
<status status="PASS" starttime="20220815 21:12:53.741" endtime="20220815 21:12:54.955"/>
</kw>
<kw name="Search for Products on Amazon" library="AmazonApp_Keywords">
<kw name="Open Homepage" library="AmazonHome_PO">
<kw name="Maximize Browser Window" library="SeleniumLibrary">
<doc>Maximizes current browser window.</doc>
<status status="PASS" starttime="20220815 21:12:54.956" endtime="20220815 21:12:55.087"/>
</kw>
<kw name="Go To" library="SeleniumLibrary">
<arg>${URL}</arg>
<doc>Navigates the current browser window to the provided ``url``.</doc>
<msg timestamp="20220815 21:12:55.088" level="INFO">Opening url 'http://www.amazon.com'</msg>
<status status="PASS" starttime="20220815 21:12:55.088" endtime="20220815 21:13:13.469"/>
</kw>
<status status="PASS" starttime="20220815 21:12:54.956" endtime="20220815 21:13:13.469"/>
</kw>
<kw name="Validate Homepage" library="AmazonHome_PO">
<kw name="Wait Until Page Contains" library="SeleniumLibrary">
<arg>Hello</arg>
<arg>timeout=3</arg>
<doc>Waits until ``text`` appears on the current page.</doc>
<status status="PASS" starttime="20220815 21:13:13.470" endtime="20220815 21:13:13.515"/>
</kw>
<kw name="Wait Until Page Contains" library="SeleniumLibrary">
<arg>Select your address</arg>
<arg>timeout=3</arg>
<doc>Waits until ``text`` appears on the current page.</doc>
<status status="PASS" starttime="20220815 21:13:13.516" endtime="20220815 21:13:13.543"/>
</kw>
<status status="PASS" starttime="20220815 21:13:13.469" endtime="20220815 21:13:13.543"/>
</kw>
<kw name="Search Item" library="AmazonHome_PO">
<kw name="Input Text" library="SeleniumLibrary">
<arg>id=twotabsearchtextbox</arg>
<arg>${SEARCH_ITEM}</arg>
<doc>Types the given ``text`` into the text field identified by ``locator``.</doc>
<msg timestamp="20220815 21:13:13.544" level="INFO">Typing text 'Ferrari 458' into text field 'id=twotabsearchtextbox'.</msg>
<status status="PASS" starttime="20220815 21:13:13.544" endtime="20220815 21:13:13.722"/>
</kw>
<status status="PASS" starttime="20220815 21:13:13.543" endtime="20220815 21:13:13.723"/>
</kw>
<kw name="Click Search Button" library="AmazonHome_PO">
<kw name="Click Button" library="SeleniumLibrary">
<arg>id=nav-search-submit-button</arg>
<doc>Clicks the button identified by ``locator``.</doc>
<msg timestamp="20220815 21:13:13.723" level="INFO">Clicking button 'id=nav-search-submit-button'.</msg>
<status status="PASS" starttime="20220815 21:13:13.723" endtime="20220815 21:13:18.849"/>
</kw>
<status status="PASS" starttime="20220815 21:13:13.723" endtime="20220815 21:13:18.849"/>
</kw>
<status status="PASS" starttime="20220815 21:12:54.955" endtime="20220815 21:13:18.850"/>
</kw>
<kw name="Validate Product from Search Results" library="AmazonApp_Keywords">
<kw name="Validate Search Results" library="SearchResults_PO">
<kw name="Wait Until Page Contains" library="SeleniumLibrary">
<arg>results for "${SEARCH_ITEM}"</arg>
<doc>Waits until ``text`` appears on the current page.</doc>
<status status="PASS" starttime="20220815 21:13:18.852" endtime="20220815 21:13:18.898"/>
</kw>
<status status="PASS" starttime="20220815 21:13:18.851" endtime="20220815 21:13:18.898"/>
</kw>
<status status="PASS" starttime="20220815 21:13:18.850" endtime="20220815 21:13:18.898"/>
</kw>
<kw name="Open Product Details" library="AmazonApp_Keywords">
<kw name="Select Product" library="SearchResults_PO">
<doc>For this test we are selecting the first item on the Search Results</doc>
<kw name="Click Link" library="SeleniumLibrary">
<arg>css=#search &gt; div.s-desktop-width-max.s-desktop-content.s-opposite-dir.sg-row &gt; div.s-matching-dir.sg-col-16-of-20.sg-col.sg-col-8-of-12.sg-col-12-of-16 &gt; div &gt; span:nth-child(4) &gt; div.s-main-slot.s-result-list.s-search-results.sg-row &gt; div:nth-child(3) &gt; div &gt; div &gt; div &gt; div &gt; div &gt; div &gt; div.a-section.a-spacing-small.puis-padding-left-small.puis-padding-right-small &gt; div.a-section.a-spacing-none.a-spacing-top-small.s-title-instructions-style &gt; h2 &gt; a</arg>
<doc>Clicks a link identified by ``locator``.</doc>
<msg timestamp="20220815 21:13:18.901" level="INFO">Clicking link 'css=#search &gt; div.s-desktop-width-max.s-desktop-content.s-opposite-dir.sg-row &gt; div.s-matching-dir.sg-col-16-of-20.sg-col.sg-col-8-of-12.sg-col-12-of-16 &gt; div &gt; span:nth-child(4) &gt; div.s-main-slot.s-result-list.s-search-results.sg-row &gt; div:nth-child(3) &gt; div &gt; div &gt; div &gt; div &gt; div &gt; div &gt; div.a-section.a-spacing-small.puis-padding-left-small.puis-padding-right-small &gt; div.a-section.a-spacing-none.a-spacing-top-small.s-title-instructions-style &gt; h2 &gt; a'.</msg>
<status status="PASS" starttime="20220815 21:13:18.901" endtime="20220815 21:13:27.720"/>
</kw>
<status status="PASS" starttime="20220815 21:13:18.900" endtime="20220815 21:13:27.720"/>
</kw>
<kw name="Load Product Details" library="ProductDetails_PO">
<kw name="Wait Until Page Contains Element" library="SeleniumLibrary">
<arg>id=breadcrumb-back-link</arg>
<doc>Waits until the element ``locator`` appears on the current page.</doc>
<status status="PASS" starttime="20220815 21:13:27.721" endtime="20220815 21:13:27.751"/>
</kw>
<status status="PASS" starttime="20220815 21:13:27.720" endtime="20220815 21:13:27.751"/>
</kw>
<status status="PASS" starttime="20220815 21:13:18.899" endtime="20220815 21:13:27.751"/>
</kw>
<kw name="Add Product into Cart" library="AmazonApp_Keywords">
<kw name="Click Add to Cart Button" library="ProductDetails_PO">
<kw name="Click Button" library="SeleniumLibrary">
<arg>id=add-to-cart-button</arg>
<doc>Clicks the button identified by ``locator``.</doc>
<msg timestamp="20220815 21:13:27.753" level="INFO">Clicking button 'id=add-to-cart-button'.</msg>
<status status="PASS" starttime="20220815 21:13:27.753" endtime="20220815 21:13:28.163"/>
</kw>
<kw name="Sleep" library="BuiltIn">
<arg>3s</arg>
<doc>Pauses the test executed for the given time.</doc>
<msg timestamp="20220815 21:13:31.175" level="INFO">Slept 3 seconds</msg>
<status status="PASS" starttime="20220815 21:13:28.163" endtime="20220815 21:13:31.175"/>
</kw>
<kw name="Click Button" library="SeleniumLibrary">
<arg>xpath=//*[@id="attachSiAddCoverage"]/span/input</arg>
<doc>Clicks the button identified by ``locator``.</doc>
<msg timestamp="20220815 21:13:31.176" level="INFO">Clicking button 'xpath=//*[@id="attachSiAddCoverage"]/span/input'.</msg>
<status status="PASS" starttime="20220815 21:13:31.175" endtime="20220815 21:13:31.393"/>
</kw>
<kw name="Sleep" library="BuiltIn">
<arg>3s</arg>
<doc>Pauses the test executed for the given time.</doc>
<msg timestamp="20220815 21:13:34.406" level="INFO">Slept 3 seconds</msg>
<status status="PASS" starttime="20220815 21:13:31.393" endtime="20220815 21:13:34.406"/>
</kw>
<status status="PASS" starttime="20220815 21:13:27.752" endtime="20220815 21:13:34.407"/>
</kw>
<kw name="Validate Cart" library="ProductDetails_PO">
<kw name="Wait Until Page Contains" library="SeleniumLibrary">
<arg>Added to Cart</arg>
<doc>Waits until ``text`` appears on the current page.</doc>
<status status="PASS" starttime="20220815 21:13:34.408" endtime="20220815 21:13:38.292"/>
</kw>
<status status="PASS" starttime="20220815 21:13:34.407" endtime="20220815 21:13:38.292"/>
</kw>
<status status="PASS" starttime="20220815 21:13:27.752" endtime="20220815 21:13:38.292"/>
</kw>
<kw name="Begin Checkout" library="AmazonApp_Keywords">
<kw name="Checkout" library="FinalCart_PO">
<kw name="Click Button" library="SeleniumLibrary">
<arg>Proceed to checkout</arg>
<doc>Clicks the button identified by ``locator``.</doc>
<msg timestamp="20220815 21:13:38.294" level="INFO">Clicking button 'Proceed to checkout'.</msg>
<status status="PASS" starttime="20220815 21:13:38.294" endtime="20220815 21:13:42.632"/>
</kw>
<status status="PASS" starttime="20220815 21:13:38.294" endtime="20220815 21:13:42.632"/>
</kw>
<status status="PASS" starttime="20220815 21:13:38.293" endtime="20220815 21:13:42.633"/>
</kw>
<kw name="End Web Testing" library="Common_Keywords" type="TEARDOWN">
<kw name="Close Browser" library="SeleniumLibrary">
<doc>Closes the current browser.</doc>
<status status="PASS" starttime="20220815 21:13:42.634" endtime="20220815 21:13:44.884"/>
</kw>
<kw name="Log" library="BuiltIn">
<arg>End of Script</arg>
<doc>Logs the given message with the given level.</doc>
<msg timestamp="20220815 21:13:44.885" level="INFO">End of Script</msg>
<status status="PASS" starttime="20220815 21:13:44.885" endtime="20220815 21:13:44.886"/>
</kw>
<status status="PASS" starttime="20220815 21:13:42.633" endtime="20220815 21:13:44.886"/>
</kw>
<doc>This is testcase documentation for TC01</doc>
<tag>Smoke</tag>
<status status="PASS" starttime="20220815 21:12:53.740" endtime="20220815 21:13:44.887"/>
</test>
<test id="s1-t2" name="TC02 - Testcase name2 - Search For Product" line="30">
<kw name="Begin Web Testing" library="Common_Keywords" type="SETUP">
<kw name="Open Browser" library="SeleniumLibrary">
<arg>about:blank</arg>
<arg>${BROWSER}</arg>
<doc>Opens a new browser instance to the optional ``url``.</doc>
<msg timestamp="20220815 21:13:44.896" level="INFO">Opening browser 'Chrome' to base url 'about:blank'.</msg>
<status status="PASS" starttime="20220815 21:13:44.895" endtime="20220815 21:13:46.170"/>
</kw>
<status status="PASS" starttime="20220815 21:13:44.894" endtime="20220815 21:13:46.170"/>
</kw>
<kw name="Search for Products on Amazon" library="AmazonApp_Keywords">
<kw name="Open Homepage" library="AmazonHome_PO">
<kw name="Maximize Browser Window" library="SeleniumLibrary">
<doc>Maximizes current browser window.</doc>
<status status="PASS" starttime="20220815 21:13:46.172" endtime="20220815 21:13:46.303"/>
</kw>
<kw name="Go To" library="SeleniumLibrary">
<arg>${URL}</arg>
<doc>Navigates the current browser window to the provided ``url``.</doc>
<msg timestamp="20220815 21:13:46.304" level="INFO">Opening url 'http://www.amazon.com'</msg>
<status status="PASS" starttime="20220815 21:13:46.304" endtime="20220815 21:14:00.391"/>
</kw>
<status status="PASS" starttime="20220815 21:13:46.172" endtime="20220815 21:14:00.392"/>
</kw>
<kw name="Validate Homepage" library="AmazonHome_PO">
<kw name="Wait Until Page Contains" library="SeleniumLibrary">
<arg>Hello</arg>
<arg>timeout=3</arg>
<doc>Waits until ``text`` appears on the current page.</doc>
<status status="PASS" starttime="20220815 21:14:00.392" endtime="20220815 21:14:00.449"/>
</kw>
<kw name="Wait Until Page Contains" library="SeleniumLibrary">
<arg>Select your address</arg>
<arg>timeout=3</arg>
<doc>Waits until ``text`` appears on the current page.</doc>
<status status="PASS" starttime="20220815 21:14:00.449" endtime="20220815 21:14:00.485"/>
</kw>
<status status="PASS" starttime="20220815 21:14:00.392" endtime="20220815 21:14:00.485"/>
</kw>
<kw name="Search Item" library="AmazonHome_PO">
<kw name="Input Text" library="SeleniumLibrary">
<arg>id=twotabsearchtextbox</arg>
<arg>${SEARCH_ITEM}</arg>
<doc>Types the given ``text`` into the text field identified by ``locator``.</doc>
<msg timestamp="20220815 21:14:00.486" level="INFO">Typing text 'Ferrari 458' into text field 'id=twotabsearchtextbox'.</msg>
<status status="PASS" starttime="20220815 21:14:00.485" endtime="20220815 21:14:00.661"/>
</kw>
<status status="PASS" starttime="20220815 21:14:00.485" endtime="20220815 21:14:00.661"/>
</kw>
<kw name="Click Search Button" library="AmazonHome_PO">
<kw name="Click Button" library="SeleniumLibrary">
<arg>id=nav-search-submit-button</arg>
<doc>Clicks the button identified by ``locator``.</doc>
<msg timestamp="20220815 21:14:00.662" level="INFO">Clicking button 'id=nav-search-submit-button'.</msg>
<status status="PASS" starttime="20220815 21:14:00.662" endtime="20220815 21:14:06.900"/>
</kw>
<status status="PASS" starttime="20220815 21:14:00.661" endtime="20220815 21:14:06.900"/>
</kw>
<status status="PASS" starttime="20220815 21:13:46.171" endtime="20220815 21:14:06.900"/>
</kw>
<kw name="End Web Testing" library="Common_Keywords" type="TEARDOWN">
<kw name="Close Browser" library="SeleniumLibrary">
<doc>Closes the current browser.</doc>
<status status="PASS" starttime="20220815 21:14:06.901" endtime="20220815 21:14:09.156"/>
</kw>
<kw name="Log" library="BuiltIn">
<arg>End of Script</arg>
<doc>Logs the given message with the given level.</doc>
<msg timestamp="20220815 21:14:09.158" level="INFO">End of Script</msg>
<status status="PASS" starttime="20220815 21:14:09.157" endtime="20220815 21:14:09.158"/>
</kw>
<status status="PASS" starttime="20220815 21:14:06.901" endtime="20220815 21:14:09.158"/>
</kw>
<doc>This is testcase documentation for TC02</doc>
<tag>Smoke</tag>
<status status="PASS" starttime="20220815 21:13:44.891" endtime="20220815 21:14:09.159"/>
</test>
<kw name="Cleanup Testing Data" library="Common_Keywords" type="TEARDOWN">
<kw name="Log" library="BuiltIn">
<arg>End Suite Setup - This runs at the end of Suite</arg>
<doc>Logs the given message with the given level.</doc>
<msg timestamp="20220815 21:14:09.168" level="INFO">End Suite Setup - This runs at the end of Suite</msg>
<status status="PASS" starttime="20220815 21:14:09.167" endtime="20220815 21:14:09.168"/>
</kw>
<status status="PASS" starttime="20220815 21:14:09.165" endtime="20220815 21:14:09.169"/>
</kw>
<doc>This is AmazonApp.robot test file</doc>
<status status="PASS" starttime="20220815 21:12:53.450" endtime="20220815 21:14:09.169"/>
</suite>
<statistics>
<total>
<stat pass="2" fail="0" skip="0">All Tests</stat>
</total>
<tag>
<stat pass="2" fail="0" skip="0">Smoke</stat>
</tag>
<suite>
<stat pass="2" fail="0" skip="0" id="s1" name="AmazonApp">AmazonApp</stat>
</suite>
</statistics>
<errors>
</errors>
</robot>
